0.42
0.02
-0.1
-0.1
-0.1
0.02
0.42
-0.1
Inf
1.54
0.02
-0.1
1.54
0.02
1.54
Inf
0.02
0.02
0.96
0.02
1.54
0.02
1.54
Inf
-0.1
1.54
0.02
0.02
0.02
Inf
0.42
Inf
0.42
1.54
0.02
-0.1
0.02
Inf
0.02
0.02
0.02
0.42
0.02
1.54
Inf
0.02
0.02
Inf
0.02
0.02
Inf
-0.1
0.96
0.02
0.02
1.54
-0.1
0.02
0.02
1.54
-0.1
0.02
-0.1
Inf
0.96
0.02
-0.1
0.02
0.42
0.42
-0.1
0.02
0.02
Inf
0.02
0.02
0.42
1.54
-0.1
0.02
0.02
0.02
-0.1
0.02
0.42
0.02
-0.1
0.42
0.02
0.02
0.02
Inf
-0.1
-0.1
0.02
-0.1
Inf
-0.1
0.02
0.02
0.02
1.54
0.42
-0.1
0.02
1.54
0.02
0.02
-0.1
1.54
0.42
-0.1
0.42
0.02
0.02
0.42
0.42
-0.1
0.02
-0.1
0.02
0.02
-0.1
Inf
0.02
-0.1
0.02
0.02
0.02
Inf
-0.1
0.02
0.02
0.02
0.02
0.02
-0.1
Inf
1.54
0.02
0.02
Inf
-0.1
0.02
-0.1
0.02
1.54
0.02
0.02
-0.1
0.96
0.02
0.02
Inf
-0.1
Inf
0.42
0.42
0.02
-0.1
0.96
-0.1
0.02
0.02
-0.1
0.02
0.02
1.54
1.54
-0.1
Inf
0.02
-0.1
0.02
Inf
0.02
0.02
0.02
1.54
Inf
0.02
0.02
-0.1
Inf
0.02
0.96
0.02
-0.1
Inf
0.02
1.54
0.02
0.96
Inf
0.02
Inf
0.02
0.96
0.02
0.02
0.02
0.02
0.02
0.02
-0.1
0.02
0.02
-0.1
-0.1
0.02
-0.1
1.54
0.02
1.54
0.96
0.96
Inf
0.02
0.42
Inf
0.02
0.02
-0.1
-0.1
0.96
0.02
0.96
-0.1
Inf
0.02
0.96
-0.1
0.02
0.02
-0.1
0.02
0.02
0.42
0.42
0.02
0.02
0.02
Inf
0.02
0.96
0.02
0.96
0.42
1.54
0.02
Inf
0.02
-0.1
-0.1
-0.1
Inf
Inf
Inf
0.42
-0.1
Inf
0.96
Inf
0.02
0.02
0.02
0.02
0.02
Inf
1.54
-0.1
0.02
0.96
0.02
0.42
1.54
-0.1
0.02
0.02
-0.1
0.02
Inf
0.02
0.02
0.02
0.02
0.42
0.02
Inf
0.02
0.02
-0.1
0.42
-0.1
0.02
-0.1
-0.1
0.02
0.02
0.02
