0.59
Inf
Inf
Inf
-0.42
Inf
-0.42
-0.42
-0.42
Inf
-0.42
Inf
Inf
Inf
0.96
Inf
0.84
0.84
-0.42
Inf
2.16
Inf
0.96
0.84
2.16
Inf
2.16
0.59
Inf
Inf
0.84
Inf
Inf
2.16
Inf
0.59
Inf
Inf
0.59
Inf
-0.42
0.96
Inf
0.59
2.16
2.16
Inf
Inf
Inf
0.96
-0.42
2.16
0.59
0.59
0.84
Inf
2.16
Inf
2.16
Inf
Inf
Inf
2.16
0.59
0.84
Inf
Inf
0.96
0.96
2.16
Inf
Inf
2.16
2.16
0.59
Inf
0.84
Inf
-0.42
2.16
Inf
0.84
0.96
Inf
2.16
Inf
2.16
0.84
0.59
Inf
Inf
2.16
0.84
2.16
Inf
2.16
Inf
-0.42
2.16
Inf
2.16
0.96
Inf
-0.42
0.96
0.59
2.16
Inf
2.16
0.84
2.16
Inf
Inf
0.84
-0.42
0.84
2.16
Inf
Inf
Inf
Inf
Inf
Inf
2.16
0.84
Inf
Inf
0.84
0.84
2.16
0.84
Inf
0.84
0.59
0.84
0.84
0.84
0.59
Inf
Inf
Inf
0.59
Inf
2.16
-0.42
2.16
2.16
Inf
0.96
Inf
Inf
Inf
2.16
0.84
Inf
0.59
Inf
Inf
2.16
Inf
2.16
2.16
2.16
0.59
2.16
Inf
2.16
0.84
Inf
Inf
Inf
2.16
-0.42
2.16
0.84
2.16
2.16
2.16
0.59
0.59
2.16
0.96
0.84
-0.42
0.84
0.96
Inf
2.16
Inf
0.96
0.84
2.16
0.84
2.16
-0.42
-0.42
Inf
2.16
0.59
0.84
2.16
Inf
Inf
0.84
Inf
0.59
Inf
0.84
0.84
-0.42
-0.42
-0.42
-0.42
Inf
0.59
Inf
Inf
Inf
0.96
Inf
Inf
Inf
Inf
Inf
-0.42
0.84
0.59
0.84
Inf
2.16
0.84
Inf
Inf
Inf
0.96
Inf
0.84
Inf
0.96
Inf
0.84
0.59
0.59
0.96
2.16
Inf
-0.42
Inf
Inf
0.84
2.16
2.16
Inf
Inf
Inf
Inf
Inf
2.16
2.16
0.59
2.16
Inf
2.16
Inf
0.84
Inf
2.16
0.59
Inf
2.16
Inf
2.16
-0.42
Inf
Inf
Inf
0.59
0.84
0.84
Inf
2.16
2.16
Inf
-0.42
0.84
2.16
2.16
Inf
2.16
0.59
0.84
Inf
Inf
2.16
0.84
Inf
Inf
2.16
2.16
0.96
