1.88
1.88
-1.34
-0.19
-0.19
-0.91
0.91
1.88
0.35
1.88
0.91
0.91
-1.34
-1.34
1.88
1.88
-0.91
1.88
1.88
1.88
-1.34
-1.34
0.35
1.88
-1.34
0.91
-1.34
-0.19
-1.34
-1.34
1.88
-1.34
0.91
-1.34
-0.19
1.88
1.88
0.91
1.88
-1.34
1.88
0.91
1.88
1.88
1.88
1.88
-0.91
-0.91
1.88
-1.34
1.88
-1.34
-1.34
-1.34
-1.34
-1.34
-0.91
1.88
1.88
0.91
0.35
1.88
-1.34
-0.91
1.88
-0.19
1.88
-0.19
0.91
1.88
1.88
1.88
0.91
-0.91
-1.34
1.88
-0.91
-1.34
-0.91
1.88
0.91
-0.91
1.88
-0.91
0.35
-0.19
-1.34
1.88
-1.34
-0.19
-1.34
0.35
0.91
0.35
-1.34
-0.91
1.88
1.88
-1.34
1.88
1.88
0.91
1.88
-1.34
0.91
1.88
-1.34
1.88
-0.91
1.88
0.91
-1.34
0.91
1.88
-1.34
-1.34
-0.19
0.91
-0.91
1.88
-1.34
1.88
0.91
-0.91
0.91
-0.91
-1.34
0.91
1.88
-1.34
1.88
-0.19
-0.91
-1.34
1.88
0.91
-0.19
0.91
-0.91
-1.34
0.91
1.88
1.88
0.91
1.88
-0.19
-0.19
1.88
-0.91
0.91
-0.91
1.88
1.88
1.88
1.88
0.35
1.88
0.91
0.91
1.88
-0.91
-0.19
1.88
1.88
-1.34
0.91
1.88
-1.34
1.88
-1.34
1.88
1.88
1.88
-0.19
-1.34
0.35
1.88
-0.19
1.88
1.88
-0.91
-0.19
0.91
-1.34
1.88
-1.34
1.88
0.91
-1.34
1.88
1.88
-0.19
-0.91
1.88
-0.91
-0.91
-1.34
1.88
1.88
1.88
1.88
-1.34
1.88
0.35
0.91
-0.91
-0.19
1.88
1.88
1.88
1.88
1.88
-1.34
0.91
1.88
0.35
-0.91
1.88
-1.34
1.88
1.88
-0.19
0.91
1.88
0.91
0.35
-1.34
1.88
-1.34
1.88
1.88
-1.34
-1.34
1.88
0.91
1.88
1.88
0.35
-1.34
1.88
0.35
0.91
-0.19
0.91
0.91
1.88
-1.34
1.88
-1.34
1.88
-0.91
-0.91
1.88
0.91
1.88
1.88
-1.34
1.88
-0.91
1.88
0.91
-1.34
-1.34
1.88
1.88
1.88
-1.34
-1.34
-0.19
0.91
1.88
1.88
0.91
1.88
-1.34
0.91
1.88
1.88
1.88
1.88
-0.91
1.88
0.91
1.88
1.88
-0.91
-0.19
0.91
1.88
1.88
1.88
0.35
1.88
1.88
-0.91
-0.19
1.88
-0.91
-1.34
-0.91
