-0.04
1.55
-1.03
-1.03
1.55
0.91
0.19
-0.6
1.55
-1.03
-0.6
-1.03
0.91
-0.6
-1.03
-1.03
-1.03
-0.04
-1.03
-1.03
0.19
-1.03
-0.6
-0.6
-1.03
-0.6
-0.6
-1.03
-1.03
-0.6
-1.03
1.55
0.19
1.55
-0.6
-0.6
-1.03
-0.6
-1.03
-1.03
0.19
-1.03
-1.03
-1.03
-1.03
-0.04
-0.6
-1.03
1.55
0.91
-0.04
-1.03
-1.03
-0.6
-0.6
-1.03
0.91
-0.04
-0.04
-1.03
-0.6
-0.04
-0.6
-1.03
0.19
1.55
0.19
-0.04
-1.03
1.55
-1.03
1.55
1.55
-1.03
-1.03
0.19
-1.03
1.55
0.91
1.55
-1.03
0.91
1.55
0.91
-0.04
1.55
-1.03
-0.6
-0.6
0.19
-1.03
1.55
-1.03
-0.6
-1.03
0.19
-1.03
1.55
-0.6
0.19
1.55
1.55
-1.03
-1.03
-0.04
1.55
-1.03
-1.03
-1.03
1.55
-0.04
0.19
-0.6
1.55
-0.6
-0.6
1.55
-1.03
-1.03
-1.03
1.55
-1.03
-1.03
1.55
0.19
1.55
-1.03
-1.03
-1.03
-0.6
-1.03
-1.03
-1.03
-1.03
-1.03
-1.03
0.19
-1.03
-1.03
-1.03
-0.04
-0.6
-1.03
0.19
0.19
1.55
-1.03
-0.6
-1.03
-1.03
-0.6
-1.03
-0.6
0.91
-1.03
-0.6
-1.03
1.55
0.19
-1.03
-1.03
1.55
-1.03
-0.04
-1.03
-1.03
-1.03
-0.6
-1.03
0.19
0.91
0.19
-0.6
1.55
1.55
-1.03
0.91
-1.03
-0.6
-1.03
-1.03
-1.03
1.55
1.55
0.19
1.55
-1.03
-1.03
-0.04
-0.6
-0.6
0.91
-1.03
0.91
-1.03
0.91
-1.03
1.55
1.55
1.55
1.55
-0.6
0.19
1.55
-0.6
1.55
-1.03
-0.04
1.55
1.55
0.91
-1.03
-1.03
-1.03
-1.03
-1.03
-1.03
0.19
1.55
-0.04
-0.6
0.91
-1.03
0.91
0.19
-1.03
0.19
-1.03
0.19
1.55
-0.04
0.91
1.55
-1.03
-0.6
-1.03
-0.6
-1.03
-0.6
1.55
-0.6
-1.03
-1.03
-1.03
-0.6
-1.03
-1.03
1.55
0.91
1.55
-0.6
-0.04
1.55
-1.03
-0.6
-1.03
0.91
-1.03
0.19
1.55
0.91
-1.03
-0.04
-1.03
-0.6
0.91
-1.03
-0.04
-1.03
0.19
-0.04
1.55
-0.04
-1.03
-1.03
-0.6
-1.03
-0.6
-0.04
-1.03
-1.03
-1.03
-0.6
-0.6
-1.03
0.91
1.55
0.19
-1.03
-1.03
-1.03
-1.03
0.91
-1.03
-1.03
-1.03
1.55
-1.03
1.55
0.91
