1.88
0.19
1.88
1.88
1.03
-0.19
1.34
0.19
1.03
0.7
-0.19
1.03
1.03
1.88
-0.19
-0.19
-0.19
1.88
0.19
0.7
-0.19
1.88
1.34
1.88
-0.19
-0.19
1.88
-0.19
1.34
1.34
1.34
-0.19
1.34
-0.19
1.03
1.88
-0.19
0.19
-0.19
-0.19
1.03
1.88
0.19
-0.19
-0.19
0.7
1.34
0.7
1.34
0.19
1.34
1.34
1.03
-0.19
-0.19
-0.19
1.03
1.03
-0.19
-0.19
0.19
0.19
-0.19
1.03
1.88
1.88
-0.19
-0.19
1.88
0.19
-0.19
1.03
1.34
1.03
1.03
1.34
0.7
0.19
1.03
1.34
-0.19
-0.19
1.34
0.19
1.34
-0.19
-0.19
0.7
1.03
-0.19
1.88
1.03
1.03
-0.19
1.03
-0.19
1.03
1.88
-0.19
1.03
-0.19
1.88
1.34
1.03
-0.19
-0.19
-0.19
-0.19
1.88
1.03
0.7
1.34
1.03
-0.19
-0.19
-0.19
-0.19
1.88
-0.19
1.03
1.03
-0.19
1.88
-0.19
0.19
1.34
-0.19
1.88
1.03
1.34
1.03
-0.19
1.03
1.34
0.19
1.88
0.7
1.03
1.34
-0.19
-0.19
1.34
1.34
-0.19
-0.19
1.88
1.34
1.03
-0.19
1.88
1.88
-0.19
1.88
-0.19
1.03
1.03
-0.19
0.7
-0.19
-0.19
1.88
-0.19
1.03
1.03
1.88
-0.19
1.34
1.88
0.7
1.88
-0.19
-0.19
1.34
-0.19
0.7
0.7
1.03
1.88
-0.19
1.88
-0.19
-0.19
0.19
1.88
-0.19
1.03
-0.19
1.34
-0.19
1.03
0.19
-0.19
1.03
-0.19
-0.19
1.03
0.19
-0.19
-0.19
-0.19
-0.19
1.34
0.19
1.34
1.03
-0.19
1.03
1.03
-0.19
-0.19
1.03
-0.19
0.19
0.19
-0.19
1.88
-0.19
-0.19
1.03
1.34
-0.19
1.03
0.7
1.88
1.03
-0.19
0.19
0.19
-0.19
-0.19
-0.19
-0.19
0.7
-0.19
1.88
-0.19
1.03
1.34
0.19
-0.19
1.34
-0.19
-0.19
-0.19
-0.19
0.19
1.03
-0.19
1.88
0.7
-0.19
1.03
0.7
1.03
1.34
1.03
-0.19
-0.19
-0.19
1.34
1.03
-0.19
-0.19
1.34
-0.19
0.7
1.34
0.7
-0.19
1.03
-0.19
1.34
-0.19
0.19
-0.19
1.34
-0.19
0.7
-0.19
1.34
-0.19
-0.19
0.7
1.03
-0.19
-0.19
-0.19
1.34
0.19
-0.19
0.7
-0.19
1.03
1.03
0.7
1.03
1.88
1.03
1.34
-0.19
