-0.74
-0.29
-1.68
-0.74
-1.68
-0.29
-2.16
-0.74
-0.79
-1.68
-0.79
-0.74
-0.79
-0.74
-0.74
-0.74
-0.74
-0.79
-0.74
-0.9
-2.16
-0.9
-0.79
-0.9
-0.79
-0.74
-0.9
-0.79
-0.74
-0.29
-0.74
-0.29
-2.16
-0.74
-1.68
-0.9
-0.74
-0.29
-0.74
-0.74
-0.74
-0.29
-2.16
-0.74
-0.74
-0.79
-0.74
-0.29
-0.9
-0.74
-0.74
-0.79
-2.16
-0.79
-2.16
-0.29
-0.74
-0.9
-0.9
-2.16
-0.74
-0.29
-0.74
-0.74
-0.9
-0.74
-0.29
-0.74
-0.79
-0.74
-0.9
-0.9
-1.68
-0.74
-0.79
-0.9
-0.79
-0.74
-2.16
-0.79
-1.68
-1.68
-0.79
-2.16
-2.16
-2.16
-0.74
-0.9
-0.74
-0.29
-0.74
-0.74
-2.16
-0.29
-1.68
-0.29
-0.74
-0.74
-2.16
-0.79
-0.9
-0.74
-0.29
-0.9
-0.29
-0.9
-0.74
-0.74
-0.74
-0.74
-0.74
-2.16
-0.74
-0.74
-0.79
-1.68
-0.29
-0.9
-0.74
-0.29
-0.74
-1.68
-1.68
-0.74
-0.74
-0.74
-0.74
-0.29
-0.29
-0.74
-0.74
-0.74
-0.9
-0.74
-0.74
-0.74
-2.16
-0.29
-0.74
-0.29
-0.74
-2.16
-0.79
-0.9
-0.74
-0.9
-1.68
-0.29
-0.74
-0.74
-0.74
-0.29
-0.9
-0.9
-0.74
-0.79
-0.74
-0.74
-0.9
-0.74
-0.9
-0.29
-0.29
-2.16
-0.74
-0.74
-0.74
-1.68
-0.29
-0.74
-0.74
-0.29
-0.29
-0.29
-0.74
-0.74
-0.74
-0.29
-0.9
-0.29
-0.74
-0.74
-0.74
-0.29
-0.79
-2.16
-0.9
-1.68
-1.68
-0.74
-0.9
-0.74
-0.79
-0.9
-0.9
-0.29
-0.29
-2.16
-0.29
-0.29
-0.74
-0.74
-0.74
-0.74
-1.68
-0.79
-1.68
-2.16
-0.79
-0.74
-0.9
-0.74
-0.9
-0.29
-1.68
-0.9
-1.68
-0.29
-0.74
-0.9
-0.79
-0.74
-0.79
-0.74
-0.74
-0.29
-0.29
-0.74
-0.9
-2.16
-0.74
-2.16
-0.74
-2.16
-1.68
-0.29
-0.9
-1.68
-0.9
-0.29
-1.68
-0.74
-0.29
-0.74
-0.74
-0.29
-0.74
-0.74
-0.79
-0.79
-2.16
-0.74
-0.74
-1.68
-0.29
-2.16
-0.29
-0.29
-0.74
-0.74
-1.68
-1.68
-0.9
-0.9
-0.29
-0.74
-0.29
-0.9
-0.29
-0.74
-2.16
-0.29
-0.74
-1.68
-0.74
-0.9
-0.79
-0.74
-0.74
-0.29
-0.29
-0.79
-0.74
-0.29
-0.74
-0.74
-0.74
-0.74
-0.29
-0.74
-0.29
-0.74
-0.9
-0.79
-2.16
-0.74
-0.74
-0.9
-0.79
-2.16
