0.6
0.27
0.11
0.6
0.6
0.6
-0.27
0.11
0.6
0.11
0.6
0.11
0.8
0.11
0.6
-0.27
0.27
0.27
-0.27
-0.27
-0.6
0.11
-0.27
0.6
0.11
0.27
0.6
-0.27
0.6
0.27
-0.27
-0.27
0.6
0.27
0.11
0.6
0.11
0.6
0.27
0.6
-0.6
0.6
0.11
-0.27
0.6
-0.27
0.6
0.27
0.27
-0.27
0.6
0.11
0.27
0.11
0.6
0.6
0.8
-0.27
0.6
0.8
0.6
0.6
0.11
0.27
-0.27
0.6
0.11
0.11
0.8
0.11
0.11
0.8
0.27
0.6
0.11
-0.6
-0.6
0.11
0.27
0.6
0.6
0.8
0.6
0.6
0.6
0.6
0.11
0.6
0.6
-0.27
0.27
0.6
0.8
0.6
0.8
-0.27
0.27
0.6
0.6
0.11
0.6
0.6
0.27
0.8
-0.27
0.6
0.6
-0.27
-0.27
0.6
0.27
-0.27
0.6
0.6
0.6
0.11
0.6
0.6
0.11
0.6
0.27
0.27
-0.6
0.6
0.6
0.11
0.8
0.6
0.8
0.11
0.27
0.6
0.11
0.6
-0.27
0.11
0.27
-0.6
0.8
0.6
0.8
0.6
0.11
0.11
-0.27
-0.27
0.11
0.8
0.11
0.6
0.11
0.6
0.11
0.6
0.6
-0.6
0.27
0.6
0.6
0.6
0.6
-0.6
0.6
-0.27
0.6
-0.6
-0.27
0.6
0.6
0.11
-0.27
0.27
0.6
0.6
0.6
0.6
0.6
-0.6
0.27
0.8
0.11
0.8
0.27
0.11
0.6
0.11
0.27
0.6
0.6
0.6
0.11
0.6
-0.27
0.11
0.8
0.8
0.6
0.6
0.27
0.6
0.27
0.11
-0.27
0.11
0.11
0.27
0.6
0.11
0.6
0.11
0.6
0.6
-0.6
-0.27
0.6
0.11
0.11
0.6
-0.27
0.6
0.8
0.6
-0.6
0.11
0.6
0.11
0.6
0.11
0.6
0.6
0.6
0.6
0.11
0.27
0.6
0.6
0.6
0.6
0.6
0.11
-0.27
0.6
-0.6
0.11
0.27
0.27
0.11
0.6
-0.27
0.11
0.11
0.8
0.11
0.8
0.27
0.8
0.6
0.6
0.8
0.11
0.6
0.11
0.27
0.27
0.6
0.6
-0.27
0.8
0.6
0.11
0.27
0.27
-0.27
0.6
-0.27
-0.6
-0.27
0.6
0.27
0.6
-0.27
0.8
0.8
0.6
-0.27
0.11
0.27
0.8
-0.27
0.6
-0.6
0.11
0.8
0.11
0.27
0.6
0.6
0.8
0.6
0.8
