-0.91
-0.91
-1.17
-0.91
0.8
0.8
1.88
-0.91
-0.91
1.88
-0.91
-0.91
0.8
1.88
1.17
-0.91
1.88
0.8
-0.91
-0.91
-1.17
0.8
-1.17
-0.91
1.88
-0.91
0.8
1.88
0.8
1.88
-1.17
-0.43
-0.91
-0.91
-1.17
1.88
1.88
0.8
-0.91
-0.43
-0.91
-0.91
-0.91
1.88
-1.17
-0.91
0.8
0.8
-0.43
-0.91
-0.91
-0.91
-0.91
1.88
-0.43
-0.91
-0.91
-0.91
1.88
-0.91
-0.91
-0.91
1.88
1.88
1.88
0.8
-0.91
-1.17
-0.43
-0.91
-0.91
-0.91
-1.17
1.88
1.88
-0.91
1.88
1.88
-0.91
-1.17
-1.17
-0.91
0.8
-0.91
1.88
1.88
-0.91
0.8
-0.91
-0.43
-1.17
0.8
1.88
-0.91
-0.91
-0.91
1.88
0.8
-0.91
1.88
-0.91
1.88
-0.91
-0.91
-0.91
-0.91
-0.91
-0.91
-0.91
-0.91
1.17
-0.91
1.88
-0.91
-0.43
-0.91
-1.17
-1.17
-1.17
-0.91
1.88
-0.91
1.88
1.17
-0.43
1.88
-0.91
-0.91
-0.91
-0.91
-0.91
0.8
-0.91
-0.91
0.8
-0.91
-0.91
-0.91
1.17
-0.91
0.8
1.88
0.8
0.8
-1.17
-0.91
-0.91
-0.91
1.17
-0.43
0.8
-0.91
-0.91
1.88
0.8
1.88
-0.91
-0.43
1.88
1.88
-1.17
-0.91
-0.91
1.88
0.8
1.88
1.88
1.17
-1.17
-0.91
-0.43
0.8
-0.91
1.17
-0.91
-1.17
1.88
1.88
-0.91
-0.91
-0.91
-0.91
-0.91
-0.91
1.88
-0.91
-1.17
-0.43
-0.43
-0.43
-0.91
0.8
0.8
1.17
-0.91
-1.17
1.88
-0.91
-1.17
1.17
-0.91
-0.91
-0.91
1.88
0.8
-0.91
0.8
0.8
-1.17
1.17
-0.43
0.8
1.17
-0.91
-0.91
-1.17
-0.91
-0.43
0.8
-0.43
-0.91
1.17
-0.91
-0.91
-0.43
1.17
0.8
-0.43
-0.91
-0.91
1.88
1.88
-0.91
-0.91
-0.43
-0.91
1.17
-0.91
1.88
-0.91
-0.43
1.88
1.88
-0.91
-1.17
1.88
0.8
1.17
-0.91
-0.91
1.17
-0.91
-0.91
-0.91
-0.91
1.17
0.8
1.88
-0.91
-0.91
-0.43
-0.43
1.88
0.8
1.88
-0.91
-0.91
-0.91
-0.91
1.88
0.8
-0.91
-0.91
1.88
1.88
1.88
-0.43
-1.17
1.88
0.8
-0.91
1.88
1.88
-0.91
-1.17
0.8
-0.91
-0.91
-0.91
-0.91
-0.91
-0.91
-1.17
-0.91
-0.91
-0.91
0.8
0.8
-1.17
1.17
