0.51
0.51
-0.59
-0.14
-0.14
-0.21
0.51
0.67
-0.21
0.51
-0.59
-0.21
0.67
-0.14
0.51
-0.21
0.67
-0.59
0.51
0.51
0.67
0.51
-0.21
0.51
-0.21
-0.21
0.51
-0.21
0.67
0.51
0.51
1.22
-0.21
-0.59
0.67
0.51
0.51
0.51
-0.59
0.51
0.51
1.22
0.51
1.22
-0.21
-0.59
-0.59
-0.21
0.67
0.67
-0.14
0.51
-0.14
0.51
-0.59
-0.21
0.51
-0.21
0.51
0.67
0.51
-0.14
0.51
0.51
-0.21
-0.21
0.51
-0.21
-0.14
-0.59
-0.21
-0.59
-0.59
-0.59
0.51
0.51
-0.59
-0.59
0.51
0.51
-0.59
-0.21
-0.59
1.22
-0.14
0.67
-0.59
-0.14
0.51
0.51
-0.59
0.51
0.51
0.67
0.51
0.67
1.22
-0.59
0.51
-0.21
0.51
0.51
-0.21
0.51
-0.59
1.22
-0.21
1.22
0.51
0.51
-0.21
-0.14
-0.21
-0.21
0.51
-0.21
-0.59
0.51
-0.59
0.51
-0.59
-0.14
0.51
0.51
-0.59
-0.14
0.51
-0.59
0.51
-0.14
0.67
-0.59
0.51
0.51
0.51
-0.21
0.51
-0.59
-0.21
0.51
0.67
-0.14
0.51
-0.21
1.22
-0.59
1.22
0.67
0.51
1.22
0.51
-0.59
-0.21
-0.59
1.22
0.51
-0.59
-0.59
0.51
-0.59
0.51
1.22
-0.59
-0.21
1.22
0.67
-0.59
0.67
-0.14
-0.59
-0.59
0.67
-0.21
0.51
-0.14
0.51
0.51
0.67
0.51
-0.59
-0.14
-0.59
0.51
-0.21
-0.14
0.51
-0.59
-0.59
0.51
-0.59
0.51
0.51
0.51
0.51
-0.59
-0.14
1.22
0.67
0.51
-0.21
0.51
0.51
0.51
-0.59
-0.14
-0.14
-0.59
0.51
-0.21
0.51
-0.14
-0.21
0.51
-0.21
0.51
-0.21
0.51
0.51
0.51
-0.59
1.22
0.51
0.51
0.51
-0.59
0.51
0.51
-0.59
0.51
0.51
0.67
-0.59
0.51
1.22
-0.59
-0.14
0.51
0.51
-0.59
0.51
-0.21
-0.21
-0.14
0.67
-0.21
-0.59
-0.21
-0.14
0.51
-0.59
0.67
0.51
0.51
0.67
-0.59
-0.59
-0.21
0.51
0.51
-0.59
0.51
0.51
0.51
0.51
0.51
0.51
-0.59
0.67
1.22
1.22
0.51
1.22
0.51
1.22
-0.21
0.51
-0.59
0.51
0.67
0.51
1.22
0.51
-0.21
-0.14
0.51
0.67
0.67
-0.59
0.51
-0.59
0.67
1.22
-0.59
-0.14
-0.59
0.51
-0.14
-0.59
0.51
0.51
