-0.7
-0.7
-1.17
0.19
0.19
-0.7
0.19
-0.8
0.19
-1.17
-0.8
0.52
-0.8
0.19
-1.17
-1.17
0.19
0.52
0.19
-1.17
0.19
-0.04
0.19
0.19
-1.17
-1.17
0.19
0.19
-1.17
-0.04
0.52
-0.8
-0.04
-0.8
0.19
0.52
-1.17
-1.17
-0.7
0.52
0.19
-0.04
-0.04
-0.7
-1.17
-0.8
-0.04
-0.7
0.52
0.52
-0.7
0.19
-1.17
0.19
0.19
0.19
0.19
-0.8
0.52
0.19
0.19
-0.8
0.19
-0.7
0.19
-1.17
-0.7
-0.8
-1.17
-1.17
0.19
0.19
-0.7
-0.7
-0.04
0.52
-1.17
0.19
0.19
0.19
0.19
0.19
-0.8
0.52
-1.17
-0.7
-0.04
0.19
0.19
-1.17
-0.7
-1.17
-0.7
0.19
0.19
0.19
0.19
0.19
0.19
-0.8
-0.7
0.19
0.52
-1.17
0.19
0.19
-0.04
-0.7
-0.7
0.19
0.52
0.19
-0.8
-0.7
-0.7
-0.04
0.19
0.19
0.52
-0.8
-0.8
-0.7
0.19
-1.17
0.19
0.52
-0.7
0.19
-0.7
0.19
0.19
0.19
-0.7
0.19
0.19
0.52
0.19
0.19
0.19
-1.17
0.19
0.19
-0.7
-0.7
-0.7
-0.7
0.52
0.19
-1.17
0.52
0.19
0.19
0.19
-0.8
0.19
-0.7
0.19
-0.7
-0.7
-1.17
0.19
-0.8
-0.8
-0.04
-1.17
-0.7
-1.17
-0.7
0.19
-0.7
-0.7
-1.17
-0.7
0.19
-1.17
-1.17
0.19
-1.17
0.52
0.19
-0.7
-1.17
-0.7
-1.17
-0.8
-0.7
-0.7
-0.7
0.19
-0.8
-1.17
0.52
0.19
-0.7
0.19
-0.7
-0.7
-0.7
0.19
-0.7
-0.8
0.19
0.19
-0.04
0.19
0.19
0.19
-0.7
0.19
0.19
0.19
-0.7
-0.7
0.19
0.19
0.19
0.19
0.19
-1.17
0.19
-0.8
-0.04
0.19
0.19
0.19
0.52
0.19
-1.17
0.19
0.19
0.19
0.19
0.52
0.19
-0.04
0.19
-0.04
0.19
-0.04
-0.7
-0.04
-0.7
0.19
-0.7
0.19
-1.17
-1.17
0.19
-0.8
-0.04
0.19
-1.17
-0.7
0.19
-0.7
0.52
0.19
-0.7
-0.8
0.19
0.52
-0.7
-0.8
-0.7
0.19
-0.7
0.19
0.19
-1.17
-1.17
0.19
0.19
0.19
-0.04
0.19
0.19
-0.04
0.19
0.19
-0.7
-1.17
0.19
-0.7
-0.7
-0.04
0.19
0.19
-0.8
-0.7
-0.7
0.19
-1.17
-0.7
0.19
0.19
-0.04
-0.7
-1.17
-1.17
0.19
