0.18
1.07
1.07
-0.04
-0.84
0.18
0.18
0.18
-0.84
-0.84
-0.84
1.07
-0.04
-0.48
-0.84
1.07
-0.84
1.07
-0.84
-0.84
1.37
0.18
-0.84
-0.48
0.18
1.37
-0.48
-0.84
-0.48
-0.84
-0.48
1.07
1.07
0.18
1.07
-0.84
-0.84
-0.48
-0.84
-0.84
-0.84
1.37
1.07
-0.84
1.07
-0.04
-0.84
0.18
1.37
1.37
1.07
-0.84
-0.84
1.37
-0.84
1.07
-0.04
-0.84
-0.48
-0.84
-0.84
-0.84
1.07
-0.04
1.07
1.07
0.18
1.07
-0.48
1.07
1.07
1.37
-0.84
-0.84
1.37
-0.84
1.07
1.07
-0.84
-0.48
1.37
-0.84
-0.84
-0.84
1.37
-0.48
-0.04
1.07
-0.04
-0.48
-0.48
1.37
-0.48
1.07
1.07
-0.84
-0.84
-0.04
1.07
1.07
1.07
1.07
-0.84
-0.48
-0.84
-0.84
0.18
-0.84
1.37
1.07
1.07
-0.84
1.07
-0.48
1.37
-0.04
-0.84
1.07
-0.84
1.07
-0.84
-0.48
-0.48
1.07
1.37
-0.84
1.07
-0.48
0.18
-0.84
-0.84
1.07
-0.04
1.37
-0.04
0.18
-0.84
-0.84
-0.48
-0.84
1.07
-0.84
-0.84
-0.04
0.18
-0.84
1.07
-0.84
-0.84
1.07
-0.04
-0.84
-0.04
-0.84
1.07
-0.84
-0.84
1.07
-0.84
-0.84
1.07
1.07
-0.84
1.07
1.37
0.18
-0.84
-0.84
-0.84
-0.84
-0.84
-0.48
1.07
-0.04
-0.84
-0.04
-0.04
-0.04
-0.48
1.37
-0.84
-0.84
-0.84
0.18
-0.84
1.37
-0.48
1.07
-0.84
-0.84
-0.84
1.07
0.18
1.37
-0.48
0.18
-0.84
-0.84
1.07
-0.84
-0.84
-0.48
1.37
0.18
-0.04
1.07
-0.84
-0.84
1.07
-0.84
1.07
-0.84
-0.84
0.18
-0.84
-0.84
1.37
1.07
-0.84
1.07
-0.48
-0.84
-0.48
-0.84
-0.84
-0.04
-0.84
-0.04
-0.84
1.37
-0.84
-0.84
1.07
-0.84
-0.84
-0.84
-0.84
-0.84
1.07
-0.84
-0.04
0.18
-0.84
-0.84
-0.84
-0.84
-0.84
-0.48
-0.04
1.07
0.18
1.07
1.07
1.07
-0.84
1.07
1.07
1.07
-0.84
1.07
1.07
-0.84
1.07
1.37
1.07
-0.84
-0.84
-0.84
0.18
-0.84
-0.48
-0.84
1.07
1.07
-0.84
-0.84
-0.48
-0.84
0.18
-0.84
1.37
-0.48
-0.84
0.18
1.07
-0.04
-0.48
1.37
1.07
0.18
-0.84
-0.84
-0.84
1.37
-0.84
-0.84
1.07
-0.84
0.18
0.18
