0.07
0.13
-0.07
0.07
-0.07
0.07
-0.07
0.07
0.07
-0.13
-0.13
-0.13
-0.07
-0.07
-0.13
0.55
0.34
0.07
0.07
0.07
-0.13
-0.07
0.07
-0.13
-0.07
-0.07
-0.07
0.34
0.07
0.07
0.34
-0.13
0.07
-0.13
-0.13
0.07
0.13
-0.13
0.13
-0.07
0.55
-0.07
0.07
-0.07
-0.07
0.07
-0.07
-0.07
0.13
0.07
-0.07
-0.07
-0.13
0.07
-0.13
0.13
0.07
-0.13
0.55
-0.13
-0.07
0.07
0.07
-0.07
-0.13
0.07
0.07
0.07
0.07
0.07
0.07
0.07
-0.07
0.07
-0.13
-0.13
0.34
0.07
0.13
0.07
0.07
0.07
0.07
0.13
0.07
0.07
0.07
-0.07
-0.13
0.13
0.07
0.07
-0.07
0.07
0.07
-0.13
-0.13
0.55
0.07
-0.07
-0.07
0.07
0.07
0.13
0.07
0.07
0.07
-0.07
0.07
0.07
0.07
-0.13
0.13
0.07
-0.07
-0.13
-0.07
0.34
-0.07
0.13
-0.07
0.07
0.07
0.07
-0.07
-0.13
-0.13
0.07
0.55
0.07
0.07
-0.07
-0.13
0.07
-0.07
0.07
0.07
-0.13
0.55
-0.07
0.55
0.55
0.07
0.07
0.55
0.34
-0.07
0.07
-0.07
0.13
-0.13
0.07
-0.07
0.07
-0.13
0.07
-0.13
-0.13
0.07
0.34
0.07
0.07
0.34
0.07
0.07
0.07
-0.13
0.07
0.07
0.07
-0.07
0.13
-0.07
0.07
0.13
-0.13
-0.13
0.13
-0.07
0.13
-0.07
0.07
-0.13
-0.07
-0.07
0.07
-0.07
0.55
0.55
-0.07
-0.07
-0.07
-0.07
0.07
0.55
0.13
-0.07
0.13
0.34
-0.13
0.55
0.07
0.07
0.55
-0.13
0.13
0.07
0.34
0.55
-0.13
0.07
0.07
0.13
0.55
0.55
0.55
-0.07
0.13
0.07
0.13
0.13
0.07
0.07
0.34
0.07
0.07
-0.07
0.07
0.07
0.07
0.55
-0.13
0.07
0.07
0.07
0.07
0.07
0.13
0.34
0.55
0.07
0.13
-0.13
0.13
0.07
0.13
0.34
-0.07
-0.13
0.07
0.55
-0.07
0.07
0.55
0.13
-0.07
-0.07
-0.07
-0.07
-0.07
0.13
-0.07
0.07
0.13
0.07
0.07
0.07
-0.13
-0.07
0.34
0.07
0.07
0.55
-0.07
-0.13
-0.07
0.34
0.07
-0.07
0.07
-0.07
-0.07
-0.07
0.07
0.07
0.07
0.07
0.13
-0.07
0.13
0.07
-0.07
0.55
0.34
-0.07
0.07
-0.13
0.55
0.55
0.07
