0.55
1.94
1
0.55
0.41
0.55
1
1.94
1
0.55
0.55
1.94
1.94
0.55
1.94
0.55
1
0.55
1
1.94
1
0.55
0.55
0.55
0.55
0.55
0.55
0.55
0.55
0.55
0.41
1
0.55
0.55
0.55
0.55
-0.8
0.55
0.55
0.55
0.55
1.62
0.41
1.62
0.55
1
0.41
1.62
1.94
0.55
0.55
0.41
0.55
1
0.55
0.55
1
0.55
0.55
0.55
1.94
0.55
0.41
1.62
1
0.55
1
0.55
1
0.55
1
1.62
0.41
0.55
0.55
0.55
1.94
0.55
0.55
0.55
0.41
0.41
1
1
0.55
0.55
1
-0.8
0.55
0.55
1
1
1
0.55
1
1.94
0.55
1.94
1.94
0.55
0.55
0.55
0.55
0.55
0.55
1.62
0.41
0.55
0.55
1
0.55
0.55
1
0.55
0.55
0.55
0.55
0.55
1.62
1.62
0.55
0.55
0.55
0.55
1.94
1.62
0.55
1.94
0.55
1
1
1.62
0.55
0.55
0.55
1.94
0.55
1
1
0.55
0.55
1
1
0.41
0.55
1
0.55
1
1.94
1
0.55
0.55
-0.8
1.62
1.62
-0.8
1
0.41
0.41
0.55
0.55
0.55
0.41
1.94
0.55
0.41
0.41
1
0.41
0.55
1
1.62
0.55
1.62
1
-0.8
0.55
1
0.55
1.94
1
1.94
1
0.55
0.41
-0.8
0.55
0.55
0.55
0.55
0.55
-0.8
0.55
1.94
1.62
0.41
1
-0.8
1.62
0.55
0.41
0.55
1.62
1
0.55
1.94
0.55
1
0.41
0.55
-0.8
1.94
0.55
0.55
1.62
1
0.55
-0.8
1.94
1
0.55
-0.8
1.94
1
1.94
1.94
1
0.55
0.55
1
0.55
-0.8
1
0.55
1
1.94
0.55
-0.8
1.94
1
0.55
1
0.55
0.41
0.55
-0.8
1.62
0.41
-0.8
1
0.55
1
1
-0.8
-0.8
1.62
0.41
0.55
0.55
0.55
1.62
1.62
1.94
0.55
1.94
0.41
1
0.55
0.55
1
0.55
1
0.41
0.55
1.94
0.55
0.41
0.55
1
0.55
0.55
0.41
1.94
0.41
1.94
0.41
1
0.55
1
0.55
1.94
0.55
0.55
0.55
0.41
0.55
1.62
0.55
1.94
0.55
