0.35
0.35
-0.35
-0.35
-0.35
-0.35
0.35
-0.35
-0.43
-0.35
-0.35
-0.35
0.35
-0.35
-0.35
-0.6
-0.35
0.35
-0.35
-0.35
-0.35
0.35
-0.6
-0.35
-0.43
0.35
-0.35
-0.6
-0.35
-1.55
0.35
-0.35
0.35
0.35
-1.55
-0.35
1.55
-0.35
-0.35
-0.6
-1.55
-0.35
-0.35
-0.43
0.35
-1.55
0.35
-0.43
-1.55
0.35
-0.35
-0.43
-0.6
-0.6
-0.6
0.35
-0.35
-0.6
-0.35
-0.43
-0.35
-0.35
1.55
-0.6
-0.6
0.35
-0.6
-0.35
-1.55
-1.55
-0.43
0.35
-1.55
-0.35
1.55
1.55
0.35
-0.35
-0.6
-0.35
-0.6
-0.6
-0.35
-0.43
-0.43
-1.55
-0.35
-0.6
-0.35
0.35
-0.35
-0.35
-0.43
-0.6
-0.43
-0.35
-0.35
-0.43
0.35
-1.55
-1.55
0.35
0.35
-1.55
-0.35
-1.55
-0.35
-0.35
-0.6
-0.6
-0.35
-0.35
-1.55
-0.43
0.35
-0.35
-0.6
-1.55
-0.35
-0.35
-0.43
-1.55
-0.35
-0.6
0.35
-1.55
0.35
0.35
0.35
1.55
-0.43
-1.55
0.35
-0.35
-0.35
-0.35
-0.6
-1.55
-0.35
0.35
-0.35
-1.55
-1.55
0.35
-0.35
0.35
-0.35
-0.35
-0.35
-1.55
-0.35
-0.35
0.35
-0.6
-1.55
-0.35
-0.35
0.35
-0.35
1.55
-0.35
-0.35
-0.35
-1.55
-0.35
-0.43
-1.55
-0.35
-1.55
-0.6
-0.35
-0.6
0.35
-0.35
-0.35
-0.35
-0.35
-1.55
0.35
-0.35
-0.35
-0.43
-0.35
-0.35
1.55
-0.35
-0.35
-0.35
-0.35
-1.55
-0.6
-0.6
-0.35
-0.35
-0.35
-0.43
-1.55
0.35
1.55
-1.55
0.35
1.55
1.55
0.35
-0.35
-0.35
1.55
1.55
0.35
-0.35
-1.55
0.35
1.55
-0.35
-1.55
-0.35
0.35
1.55
0.35
0.35
-1.55
0.35
1.55
0.35
-0.35
0.35
-0.35
-0.35
-1.55
-0.35
1.55
-0.35
0.35
-1.55
-0.35
0.35
-0.6
-0.35
0.35
-0.35
1.55
0.35
-0.35
-0.35
-0.35
-0.35
-1.55
1.55
-0.6
0.35
-0.35
-0.35
-0.35
-0.6
0.35
-0.43
-0.35
-0.35
0.35
-0.35
-0.35
0.35
-0.35
0.35
-0.35
-0.35
-1.55
1.55
-0.43
-0.35
-0.35
0.35
-0.35
-0.35
0.35
-0.35
-0.35
-0.35
-0.6
0.35
-1.55
-0.35
-0.35
1.55
-1.55
-0.35
-0.6
-0.35
-1.55
-1.55
0.35
-0.35
-0.43
-0.35
0.35
-1.55
0.35
0.35
-0.35
0.35
