-0.35
-0.27
-0.27
-0.35
0.8
-0.43
-0.27
-0.35
-0.35
-0.35
-0.35
-0.43
-0.35
-0.35
0.11
-0.19
-0.27
-0.35
-0.27
-0.27
-0.35
0.8
-0.27
-0.27
-0.35
0.11
-0.27
0.11
-0.35
-0.35
-0.27
-0.19
-0.43
-0.19
-0.35
-0.43
-0.35
-0.35
-0.27
-0.35
0.11
-0.43
-0.35
-0.27
-0.27
-0.35
-0.27
-0.35
-0.35
0.8
-0.35
-0.35
-0.35
-0.19
-0.35
-0.43
-0.19
-0.35
-0.27
-0.27
0.11
-0.35
-0.35
-0.19
-0.27
-0.35
-0.35
0.11
-0.35
-0.35
-0.35
0.8
-0.35
0.11
-0.27
-0.35
-0.43
-0.27
0.11
-0.27
-0.43
-0.35
-0.35
-0.35
-0.35
-0.35
-0.19
-0.35
-0.27
-0.35
-0.27
-0.35
0.8
-0.35
-0.35
-0.27
-0.35
-0.43
-0.19
-0.27
-0.35
-0.35
-0.35
0.11
0.8
-0.43
0.8
0.11
0.11
-0.27
-0.35
-0.35
-0.43
-0.27
-0.35
-0.27
-0.35
-0.27
-0.35
-0.35
-0.35
-0.43
-0.43
-0.35
0.11
0.8
0.8
-0.43
-0.35
-0.27
-0.35
-0.35
-0.27
-0.35
-0.43
-0.35
-0.35
0.11
-0.27
-0.35
-0.43
-0.19
0.11
-0.35
0.11
-0.35
-0.19
-0.19
-0.35
-0.27
-0.43
-0.35
-0.35
-0.35
-0.35
-0.35
-0.27
-0.35
-0.43
-0.19
0.11
0.11
-0.27
0.11
-0.35
-0.35
-0.35
-0.35
-0.35
-0.19
-0.43
-0.27
-0.35
0.8
-0.19
-0.43
0.11
-0.27
-0.35
0.11
-0.19
-0.27
-0.27
0.11
-0.35
-0.35
-0.19
-0.27
-0.35
0.8
0.8
-0.19
0.8
-0.27
-0.19
-0.35
-0.35
0.8
-0.35
-0.35
-0.35
-0.35
0.8
-0.35
-0.35
-0.19
-0.27
-0.35
-0.35
-0.35
-0.35
-0.35
0.11
0.8
-0.35
-0.19
0.8
-0.43
-0.19
-0.35
-0.27
0.11
-0.19
0.11
-0.35
-0.27
-0.35
-0.43
-0.35
-0.43
-0.27
-0.43
-0.35
-0.35
-0.27
-0.35
-0.35
-0.19
-0.19
0.11
-0.35
-0.35
-0.35
-0.43
-0.35
-0.35
-0.19
-0.35
-0.35
0.8
0.11
-0.35
-0.27
-0.35
-0.35
-0.35
-0.27
-0.43
-0.43
-0.35
0.8
-0.35
-0.35
-0.19
0.11
-0.27
-0.35
-0.43
-0.19
-0.35
-0.35
0.11
-0.27
-0.35
-0.19
-0.35
-0.27
0.8
-0.35
0.11
-0.43
-0.35
-0.19
-0.19
-0.35
-0.43
-0.43
-0.27
-0.43
-0.35
-0.43
-0.27
-0.43
-0.19
0.11
-0.27
-0.19
-0.35
0.11
-0.27
