-0.04
0.43
-0.35
-0.35
-1.55
-1.55
-0.35
-0.35
1.17
-0.35
-1.55
-0.04
0.43
-0.35
1.17
-0.35
-0.35
0.43
-0.35
-0.35
0.43
-0.35
1.88
-0.04
-1.55
1.17
1.17
-0.35
-0.35
-0.35
1.88
1.88
-0.35
-0.35
-0.35
1.17
-0.04
1.88
-0.35
-0.35
-0.35
-0.35
-0.35
-0.35
1.17
1.17
0.43
-0.35
-0.35
0.43
0.43
-0.04
-1.55
-0.35
-0.04
-0.35
1.17
1.17
1.88
0.43
-0.35
-0.35
-0.35
-0.35
-0.35
-0.35
1.17
-0.35
-0.35
-0.35
-0.35
1.88
1.17
-0.35
-0.35
1.17
-0.04
-0.35
-1.55
-0.35
0.43
-0.04
1.17
-0.35
-1.55
0.43
-0.35
-0.04
1.17
-0.04
-1.55
-0.35
0.43
-0.35
-0.35
-0.04
-0.35
-1.55
-0.35
-0.35
1.17
1.88
0.43
0.43
1.17
-0.35
1.17
-0.35
-0.35
-0.35
-0.35
1.17
1.17
-0.04
-0.35
-1.55
-0.35
-0.35
-0.35
-0.04
1.17
1.17
1.17
1.88
-0.35
0.43
1.17
-0.35
0.43
0.43
0.43
-0.35
-0.35
-1.55
1.17
-0.35
-0.04
-0.35
-0.04
-0.04
-0.35
1.17
1.17
-0.04
1.17
-0.35
-0.35
1.17
1.17
-0.35
-0.35
-0.04
0.43
-0.04
-0.04
-0.35
-0.35
-0.35
1.17
1.17
-0.35
-0.35
-0.35
0.43
-0.35
-0.35
1.17
1.17
0.43
1.17
-1.55
-0.04
-0.35
-1.55
0.43
-0.35
-1.55
0.43
0.43
-0.35
0.43
-0.35
-0.35
1.17
1.17
-0.04
-0.04
-0.35
0.43
-1.55
1.17
0.43
-0.35
1.17
-0.35
0.43
0.43
-0.35
1.88
1.88
0.43
1.17
-0.35
1.88
-0.35
1.88
1.17
-0.35
-1.55
1.17
-0.04
0.43
1.17
-0.35
-0.35
-0.04
-0.35
1.17
-0.35
1.88
-0.35
1.17
1.17
-0.35
-0.35
1.17
-0.35
-1.55
-0.35
1.17
-0.04
0.43
1.17
-0.35
-0.35
-0.35
-1.55
-0.35
-0.35
-0.35
1.88
-0.35
-0.35
-0.04
0.43
1.17
0.43
1.17
-0.35
-0.35
0.43
-0.35
0.43
-0.35
1.17
-0.35
-0.35
-0.35
-1.55
0.43
1.17
-0.35
0.43
1.17
-0.35
1.17
1.88
-1.55
0.43
1.88
1.88
-0.35
1.17
0.43
-0.35
0.43
1.17
-1.55
-0.35
-0.04
-0.35
1.17
-0.35
0.43
1.17
0.43
1.88
-0.35
-0.04
1.88
-0.35
-0.35
1.17
1.17
1.88
-0.35
0.43
-0.35
0.43
1.17
