0.52
0.6
0.04
0.52
0.52
-1.55
-0.35
-1.17
-1.17
0.52
-1.17
-0.35
0.52
-0.35
-0.35
0.52
-1.17
-1.55
-1.17
-1.17
0.52
0.52
-1.55
0.04
0.04
0.52
0.52
-0.35
-1.17
-1.17
-1.17
0.52
-1.17
0.04
0.52
-1.17
0.52
0.04
0.52
0.04
-1.17
0.52
-1.17
-1.17
0.52
0.52
0.6
-1.17
0.52
0.52
-1.17
0.52
-1.17
-1.17
0.52
-0.35
-0.35
0.04
0.52
0.52
0.52
0.04
0.52
0.52
-1.17
0.52
0.52
-0.35
-1.17
0.52
-1.17
-1.17
0.52
0.52
-0.35
0.04
0.6
0.52
-1.55
-1.17
0.52
0.04
-1.17
0.52
0.52
-0.35
0.04
-1.17
0.52
-1.17
0.52
0.52
-1.55
0.52
0.52
-1.17
0.52
0.52
-1.17
-1.55
-1.17
0.04
0.6
-1.17
0.52
0.52
-1.17
0.52
-1.17
0.6
0.6
0.6
0.52
0.52
0.52
0.04
-0.35
-1.17
0.52
-1.17
0.04
0.52
-0.35
0.04
0.6
-1.55
-1.17
0.6
-0.35
0.52
0.52
-1.17
0.04
-1.17
0.52
0.04
0.52
0.52
-1.17
0.52
0.6
0.52
0.52
0.52
-1.17
0.04
-1.17
-0.35
0.52
-1.17
-1.17
0.04
-1.55
0.6
0.52
0.52
-1.17
0.6
0.52
-1.17
0.04
0.04
0.52
-1.17
0.52
0.52
0.52
0.52
0.52
0.52
0.04
-1.17
0.04
0.52
0.52
0.6
0.52
0.52
0.52
-1.17
-1.55
0.04
0.52
-1.17
-1.55
0.52
0.52
-1.55
0.52
-0.35
0.52
0.52
0.52
-1.17
0.52
0.6
0.52
0.52
0.04
0.6
0.04
0.6
0.52
0.04
-1.17
0.04
-1.17
-1.17
0.52
0.52
0.52
-0.35
0.04
-0.35
0.52
0.52
0.04
0.04
0.52
-1.17
-0.35
-0.35
-1.17
0.52
0.52
0.6
0.04
0.04
0.04
0.52
0.52
-1.55
0.52
0.04
-0.35
0.52
0.04
0.52
0.52
-0.35
0.52
0.52
-1.55
-0.35
0.52
-1.17
0.52
0.52
0.52
-1.17
0.52
-1.17
-1.17
-1.55
-0.35
-0.35
0.52
-1.17
-1.17
-1.17
0.52
-1.17
0.52
-1.17
-1.17
0.52
0.52
-1.17
-1.17
0.6
0.52
0.04
0.04
-1.17
-1.17
-1.55
0.52
0.52
0.04
0.6
-0.35
-0.35
0.6
-0.35
-0.35
0.04
0.6
-1.17
0.04
0.52
0.52
0.04
0.52
-1.17
-1.55
-1.17
0.52
0.52
0.52
0.04
