0.11
0.04
-1.34
-1.34
-0.52
-1.34
-1.34
-1.34
0.04
-0.52
-0.52
-0.52
-0.52
0.04
0.04
-1.88
-0.27
0.04
0.04
0.04
0.04
0.11
0.04
0.04
-1.34
0.04
0.04
0.04
0.04
-1.88
0.04
0.04
0.04
0.04
-1.34
-0.27
0.11
0.11
0.04
0.04
0.04
-0.52
0.04
-0.52
-1.88
-1.34
0.04
-1.34
-0.52
-0.27
-0.52
0.04
-0.27
-1.34
0.04
0.04
-1.34
0.11
0.04
-1.88
-0.27
0.04
-0.27
0.04
0.04
-0.27
-0.52
-0.27
0.11
0.11
-0.52
0.11
-0.52
-1.34
-0.52
-0.52
0.04
-1.34
-0.27
-0.27
-1.34
-1.34
-1.88
-0.27
-1.34
-0.27
0.11
-1.34
0.04
-1.34
-1.88
-1.34
-1.34
-1.34
-1.88
-1.34
-0.52
0.04
-0.27
-1.34
0.04
0.04
-1.34
0.04
-0.52
0.11
-1.34
-1.34
0.04
-0.27
-0.27
-1.34
-1.34
0.04
-0.52
-1.88
-0.27
-1.34
-1.34
0.04
-0.52
0.11
-1.34
-1.88
0.04
0.04
-0.52
0.04
-1.34
0.11
-0.27
0.04
0.11
0.04
-1.88
0.11
-1.88
0.11
0.04
-1.34
-1.34
-0.27
0.04
0.11
0.11
-0.27
-1.88
0.04
-1.88
-1.34
0.04
-0.52
-0.27
-1.34
0.04
0.04
0.04
0.04
0.04
-0.52
-1.34
-0.27
0.04
-0.27
0.04
0.04
-0.27
-1.88
-1.34
-0.27
-1.34
0.04
-0.27
-0.52
0.04
-1.34
-0.27
0.04
-1.34
-1.34
0.04
-1.34
0.04
0.04
0.04
-1.34
-0.27
-0.27
0.04
0.04
-0.27
0.04
-1.34
-1.34
-1.34
0.04
0.11
0.04
-0.52
-0.27
0.04
0.11
0.04
-0.52
-0.27
-1.34
-0.27
0.04
-0.27
0.04
-1.34
-0.27
-1.88
-0.27
0.04
-1.88
0.04
-1.34
0.11
-0.52
0.04
0.11
0.04
-0.52
-1.34
0.04
-1.88
-1.34
0.04
0.11
-0.52
-0.52
-1.34
0.04
-1.34
0.04
0.04
-0.27
0.04
-0.27
0.04
-1.34
-0.52
0.11
0.11
-0.27
0.04
-0.52
-1.34
-1.88
0.04
-1.34
-1.34
-1.34
0.11
0.04
-0.27
-0.27
0.04
0.04
0.04
-0.52
0.11
-1.88
-1.88
-1.88
-1.34
-0.27
0.04
-0.27
-1.88
0.04
-1.34
0.11
-1.34
-0.27
-1.34
0.04
0.04
0.04
0.04
0.11
0.04
0.04
-1.34
-1.34
-1.34
-0.52
-1.34
0.04
-0.27
0.04
0.04
-1.34
-1.34
-1.88
-1.34
0.04
-0.27
0.11
