0.7
0.7
-0.04
0.7
-0.35
1.17
-0.91
0.7
0.7
-0.35
-0.91
0.7
0.7
-0.04
-0.04
-0.04
-0.04
0.7
0.7
0.7
-0.91
-0.91
-0.04
-0.27
-0.91
0.7
0.7
0.7
1.17
-0.04
-0.91
0.7
0.7
0.7
0.7
-0.91
-0.91
-0.04
-0.04
-0.04
-0.35
-0.35
-0.35
0.7
0.7
0.7
-0.35
0.7
-0.35
0.7
1.17
0.7
-0.91
-0.91
0.7
0.7
-0.91
-0.27
0.7
-0.04
-0.04
0.7
0.7
-0.91
-0.04
0.7
-0.04
0.7
1.17
-0.04
-0.35
0.7
0.7
0.7
-0.91
-0.04
-0.04
-0.04
1.17
-0.91
-0.04
1.17
0.7
1.17
-0.04
-0.27
0.7
0.7
0.7
-0.27
1.17
-0.27
0.7
-0.91
-0.04
0.7
-0.91
-0.91
0.7
-0.27
1.17
-0.35
0.7
1.17
-0.35
-0.04
-0.04
1.17
-0.91
-0.35
-0.04
0.7
-0.35
-0.35
-0.91
1.17
-0.27
0.7
-0.91
-0.04
-0.91
-0.91
1.17
-0.04
0.7
-0.04
-0.04
0.7
0.7
-0.04
0.7
-0.27
-0.91
0.7
0.7
0.7
-0.35
0.7
1.17
-0.91
0.7
-0.27
0.7
0.7
-0.04
0.7
-0.04
0.7
0.7
-0.04
1.17
0.7
0.7
-0.04
0.7
-0.91
-0.04
0.7
0.7
0.7
0.7
-0.04
-0.91
0.7
1.17
1.17
0.7
0.7
0.7
-0.35
0.7
-0.04
0.7
0.7
0.7
-0.04
-0.91
0.7
-0.04
-0.91
-0.04
-0.04
-0.35
-0.04
-0.04
1.17
-0.35
0.7
0.7
-0.91
-0.91
-0.04
0.7
0.7
0.7
-0.04
-0.04
0.7
0.7
-0.04
-0.91
0.7
-0.04
-0.91
1.17
0.7
0.7
-0.04
0.7
0.7
-0.04
0.7
-0.91
-0.04
0.7
-0.91
-0.04
0.7
-0.91
0.7
-0.91
0.7
-0.04
0.7
-0.04
-0.04
-0.27
1.17
0.7
-0.91
0.7
0.7
1.17
0.7
-0.04
0.7
0.7
-0.91
0.7
1.17
1.17
0.7
0.7
-0.04
-0.04
-0.04
0.7
-0.04
0.7
-0.35
-0.91
-0.35
0.7
-0.27
-0.91
1.17
-0.27
1.17
0.7
0.7
-0.91
-0.35
-0.91
-0.91
0.7
1.17
-0.04
1.17
-0.04
-0.35
-0.27
-0.27
0.7
-0.27
1.17
-0.91
-0.35
0.7
0.7
1.17
1.17
-0.04
1.17
-0.91
-0.04
-0.91
-0.27
-0.04
-0.27
-0.91
0.7
0.7
-0.35
-0.35
0.7
-0.35
-0.04
-0.04
0.7
1.17
