1.17
-0.27
0.7
-0.27
0.7
-0.27
-0.27
1.17
0.7
-0.27
-0.35
-0.35
-0.27
-0.27
-0.27
-0.27
1.17
1.17
-1.55
-0.27
-0.27
-0.27
-1.55
-0.27
-0.27
0.11
-1.55
0.7
-0.27
1.17
-1.55
-0.27
-0.27
-0.35
-0.27
-0.27
-0.27
-0.35
-1.55
-0.27
-0.35
-0.35
-0.27
-0.27
-0.27
-0.27
-0.27
-0.35
1.17
-0.27
-0.27
-0.35
-0.35
-0.35
0.7
1.17
-1.55
0.11
-0.35
-1.55
-0.27
-1.55
-0.27
1.17
-0.27
-1.55
-0.27
-1.55
0.11
1.17
1.17
1.17
-0.27
-0.35
1.17
-0.27
-0.27
-0.27
0.11
0.11
1.17
-0.27
1.17
1.17
-0.27
0.11
-0.35
-0.27
-0.27
0.11
-0.27
0.11
0.7
-0.27
1.17
0.11
1.17
0.11
0.11
1.17
1.17
-0.35
-1.55
-0.27
-0.27
1.17
-0.27
-1.55
1.17
-0.27
-1.55
-0.27
-1.55
-0.27
-0.27
1.17
1.17
-1.55
-1.55
-1.55
-0.27
-0.27
1.17
-1.55
1.17
-0.27
-0.27
0.11
-0.35
1.17
1.17
-1.55
1.17
0.11
-1.55
-1.55
1.17
-1.55
0.7
-0.27
-0.27
-0.27
-0.35
-0.27
-0.27
-0.27
-0.35
-0.27
1.17
-1.55
1.17
-0.27
1.17
1.17
1.17
1.17
1.17
-0.27
-1.55
-1.55
-0.35
1.17
-1.55
1.17
-0.27
0.7
1.17
0.7
0.11
-0.27
-1.55
-0.27
-0.27
1.17
-0.27
1.17
-0.27
-0.27
0.11
1.17
1.17
-0.35
-0.27
-0.27
-0.27
-0.27
-1.55
1.17
1.17
0.7
-0.27
-0.27
1.17
-1.55
0.11
0.11
-0.27
-0.27
-0.27
-0.27
1.17
1.17
1.17
-0.27
1.17
-1.55
-1.55
-0.35
-0.27
1.17
0.11
-0.35
-1.55
-1.55
1.17
-1.55
1.17
-0.27
-0.35
-0.27
-0.35
1.17
-1.55
-0.27
-0.27
1.17
-0.27
-0.35
-0.27
0.7
1.17
-0.27
-0.27
1.17
-0.27
-1.55
1.17
-0.27
-0.27
1.17
-1.55
-0.27
1.17
-0.27
1.17
1.17
-0.27
1.17
1.17
0.7
0.11
-0.35
0.7
1.17
1.17
-1.55
-0.27
-0.27
-0.27
-0.27
-0.27
0.11
1.17
-0.27
-1.55
-0.27
0.11
1.17
-0.27
-1.55
1.17
-0.27
1.17
-0.27
-0.35
-1.55
-0.27
0.7
-0.27
1.17
-0.35
-1.55
-0.27
0.11
-0.27
-0.27
-0.27
-0.27
1.17
-0.35
-0.27
1.17
-0.27
0.11
-0.27
0.7
-0.27
0.11
1.17
1.17
