0.35
0.7
-0.91
-0.91
0.35
-0.91
-0.91
0.7
-0.91
0.7
0.35
-0.91
-0.91
0.35
0.35
0.35
-1.55
-0.04
0.35
0.35
-0.91
-1.55
0.35
0.35
0.7
1.88
0.35
-1.55
-0.91
0.7
0.35
0.7
-0.04
0.35
0.35
1.88
0.35
0.35
-1.55
1.88
0.35
-0.91
-0.04
0.7
0.35
0.35
0.35
0.35
1.88
1.88
0.7
0.35
-0.91
0.7
0.35
1.88
-0.04
0.35
0.35
0.35
0.35
-0.91
-0.04
0.35
0.7
0.35
0.35
0.35
0.35
-1.55
1.88
0.35
-0.91
1.88
1.88
0.35
0.35
1.88
1.88
1.88
-0.91
0.7
-0.91
0.35
0.35
-0.91
-0.04
0.35
1.88
0.7
0.35
0.35
-1.55
-1.55
0.35
0.35
-0.91
0.7
1.88
0.35
0.35
0.35
0.35
0.7
-0.91
0.35
1.88
-0.91
-1.55
0.35
0.7
-0.91
-0.91
0.35
-0.04
0.35
-0.91
-0.91
0.35
1.88
0.35
-0.04
-1.55
-1.55
1.88
0.35
1.88
-0.04
0.35
0.35
1.88
0.35
0.35
0.7
1.88
0.35
-0.91
-0.91
0.35
0.35
0.35
0.35
0.7
-0.04
0.35
1.88
-0.04
0.35
0.35
0.35
-0.04
0.35
0.35
-0.91
-0.91
-0.91
0.35
0.35
-0.91
1.88
-0.04
0.35
-0.04
0.35
0.7
0.35
-0.91
0.35
0.35
0.35
1.88
0.35
-0.91
-0.91
1.88
0.35
0.35
1.88
1.88
-1.55
-0.91
-0.91
-0.91
-0.91
0.35
-0.91
0.35
0.7
0.35
1.88
0.35
0.35
0.35
-1.55
0.35
-0.04
-0.04
0.35
0.35
0.35
0.35
0.35
0.35
0.35
1.88
0.7
0.7
-0.04
-0.91
0.35
-0.91
-0.91
0.7
0.35
1.88
-0.91
-0.91
0.7
-0.91
0.35
0.35
0.35
0.35
0.35
0.7
0.35
1.88
-0.04
0.35
0.7
0.35
0.35
0.35
-0.91
0.35
0.35
0.35
-0.91
0.7
0.35
-0.91
0.35
0.35
0.35
0.35
-0.91
0.35
0.35
0.35
-1.55
0.35
0.35
-0.91
-0.04
0.7
1.88
0.35
-1.55
0.35
0.7
-1.55
-0.91
0.35
0.7
0.7
0.35
-1.55
0.35
0.35
0.35
-0.91
-0.91
1.88
0.7
-0.04
-0.91
0.35
-1.55
0.7
-1.55
-1.55
1.88
0.35
0.35
-0.91
1.88
-0.91
-0.04
0.35
-0.91
-0.91
-0.91
-0.91
0.35
0.35
0.7
-0.04
0.35
0.7
0.35
