1.88
-0.35
1.88
-0.52
1.88
-0.35
-0.11
-1.88
1.88
-0.35
1.88
-1.88
-1.88
-1.88
-1.88
-1.88
-0.52
-1.88
-1.88
-1.88
-1.88
-1.88
-1.88
-0.52
-1.88
-1.88
-0.35
-0.35
-1.17
-0.35
-1.88
-0.11
-1.88
-0.11
-0.35
-0.35
-1.88
-1.17
-1.88
1.88
-1.17
-0.52
-0.35
-1.88
-0.35
-0.35
-0.35
1.88
-0.52
-0.35
-1.88
-0.11
-1.88
-1.88
-1.88
-1.17
1.88
-1.88
-0.52
1.88
-0.11
-0.11
-1.88
-1.88
-0.52
-1.88
-1.88
-0.35
-1.17
-0.35
-1.88
-0.11
1.88
-1.88
-1.88
-1.88
-1.17
-1.88
-1.88
-1.88
-0.35
-1.88
-0.35
-1.88
-0.11
-0.11
-1.17
-1.88
-0.11
-1.88
-0.35
1.88
1.88
1.88
-1.88
-1.88
-0.52
-0.35
1.88
-0.52
1.88
-1.88
-0.11
-1.88
-0.35
-0.52
-0.35
-1.88
-0.35
-1.88
-1.88
1.88
-1.88
1.88
-1.88
-1.88
-0.52
1.88
-1.88
-0.35
1.88
-1.17
-1.17
-1.88
-1.17
-1.88
-1.88
-1.88
-0.35
-1.17
1.88
-0.52
-1.88
-0.11
-1.88
-0.35
-0.11
1.88
-0.11
-1.17
-1.88
-1.88
-0.35
-1.88
-1.17
1.88
-0.35
-0.11
-0.52
-1.17
-1.88
-1.88
1.88
-1.17
-1.88
-0.35
1.88
-0.35
1.88
-1.88
-0.52
-1.17
-1.17
-0.35
-1.88
-1.88
-1.17
1.88
-0.52
-1.88
-1.88
-1.88
-1.88
-1.88
-1.88
-1.88
-0.11
-1.17
-1.88
-1.88
-0.35
-1.17
-0.52
-1.88
-1.88
-0.35
-0.52
-0.11
-1.17
-0.35
1.88
-1.88
1.88
-0.52
-1.88
-0.11
-1.88
1.88
-1.88
-0.52
-0.35
-1.88
-0.52
1.88
-1.88
-0.35
-0.52
-1.88
-1.88
-0.35
-1.88
-0.35
-0.35
-1.17
-0.35
-0.52
-1.17
-1.88
-1.88
-0.52
-1.88
-1.88
-0.11
1.88
-1.88
-0.52
-0.35
-1.88
-1.88
-0.52
1.88
-0.35
-1.88
1.88
-1.88
-1.88
-1.88
-1.88
-1.88
-0.35
-1.88
-0.35
-0.11
-1.88
-1.17
-1.88
-1.88
-1.88
-1.88
-0.35
-1.88
-0.52
-0.11
1.88
-1.88
-0.35
-1.17
-1.88
-1.17
1.88
-1.88
1.88
-1.88
-1.88
-0.11
-0.52
-1.88
1.88
-0.35
1.88
-1.88
-1.88
-0.11
-1.17
-0.35
-0.11
-1.88
-0.35
-1.88
-1.88
-1.88
-1.88
1.88
-1.88
1.88
-1.88
-1.88
-0.35
-0.11
-0.35
-1.88
-1.88
-1.88
-0.35
-1.88
-1.88
-1.88
-1.17
-1.17
-0.52
