-0.27
-0.27
-0.27
-0.27
0.04
1.03
0.04
0.04
-0.35
-0.11
0.35
-0.11
-0.11
0.04
1.03
0.35
1.03
1.03
-0.11
-0.27
-0.27
-0.27
-0.27
1.03
0.04
1.03
0.35
-0.27
0.35
-0.35
-0.35
-0.11
-0.27
-0.35
-0.27
-0.11
-0.27
-0.35
-0.27
-0.27
-0.11
-0.27
0.35
-0.27
-0.27
0.35
-0.11
-0.27
-0.27
-0.27
-0.27
-0.27
-0.35
-0.11
-0.27
0.04
0.35
-0.11
1.03
-0.27
-0.11
-0.11
1.03
1.03
-0.27
0.04
-0.27
-0.27
-0.27
-0.27
-0.27
-0.27
-0.27
-0.27
-0.35
0.35
1.03
0.35
1.03
0.35
-0.27
-0.11
-0.27
-0.11
-0.11
-0.27
-0.27
-0.11
-0.11
0.04
-0.11
1.03
-0.27
0.04
-0.27
-0.11
-0.27
-0.35
0.04
0.35
-0.27
-0.27
-0.27
-0.27
-0.27
-0.35
-0.27
-0.27
0.04
-0.27
0.04
-0.27
-0.27
-0.35
-0.27
-0.11
0.04
0.35
1.03
-0.35
-0.11
-0.35
-0.11
0.35
-0.11
-0.27
-0.27
-0.27
-0.27
-0.35
0.04
-0.27
-0.27
-0.35
-0.27
-0.27
0.04
1.03
-0.27
-0.11
-0.11
-0.35
-0.27
-0.35
1.03
-0.11
-0.27
0.35
-0.11
-0.27
-0.27
-0.11
-0.27
-0.27
1.03
1.03
0.35
-0.11
-0.27
-0.27
-0.11
-0.27
-0.11
-0.35
0.04
-0.11
0.04
0.35
-0.11
-0.27
-0.27
1.03
-0.27
-0.27
-0.27
-0.27
0.04
-0.27
-0.11
-0.27
-0.35
-0.35
0.04
-0.27
1.03
1.03
-0.27
-0.35
-0.11
-0.27
0.04
0.04
-0.27
1.03
-0.11
-0.11
-0.27
-0.27
-0.11
-0.27
0.04
0.35
-0.27
-0.27
-0.27
0.04
0.35
-0.11
0.04
-0.27
-0.27
1.03
-0.35
1.03
-0.27
-0.11
-0.27
-0.27
-0.11
-0.11
0.04
-0.11
-0.27
-0.27
0.35
0.35
-0.27
-0.27
-0.27
-0.35
-0.35
-0.35
-0.11
-0.27
-0.11
1.03
0.35
0.35
-0.11
-0.11
-0.11
-0.27
-0.11
-0.35
-0.11
-0.27
0.35
-0.11
0.35
0.35
-0.27
-0.35
-0.27
-0.27
1.03
-0.11
-0.27
1.03
1.03
-0.11
-0.11
-0.27
-0.27
1.03
-0.27
1.03
-0.11
1.03
1.03
-0.27
-0.27
-0.27
-0.27
-0.11
-0.11
-0.27
-0.27
1.03
-0.27
-0.35
-0.11
-0.11
-0.11
-0.27
-0.27
-0.27
-0.27
-0.27
-0.27
-0.27
1.03
0.04
1.03
-0.27
-0.11
-0.27
-0.27
-0.27
-0.35
1.03
